<?xml version="1.0" encoding="UTF-8"?>
<!-- Generated by org.testng.reporters.JUnitReportReporter -->
<testsuite skipped="0" hostname="ULTRABOOK" name="RunnerScripts.RunnerClass" tests="1" failures="0" timestamp="30 Oct 2022 20:10:22 GMT" time="125.107" errors="1">
  <testcase name="runScenario" time="125.107" classname="RunnerScripts.RunnerClass">
    <error type="java.lang.IndexOutOfBoundsException" message="Index: 0, Size: 0">
      <![CDATA[java.lang.IndexOutOfBoundsException: Index: 0, Size: 0
at java.util.ArrayList.rangeCheck(ArrayList.java:657)
at java.util.ArrayList.get(ArrayList.java:433)
at pages.BillPaymentService.fillPaymentForm(BillPaymentService.java:98)
at stepDefinitions.AccountPageSteps.fillPaymentDetails(AccountPageSteps.java:61)
at ✽.I send an amount of 300 from user 1 to user 2(file:///C:/Users/Gurcharan/eclipse-workspace/testTask/src/main/java/featureFiles/Registration.feature:38)
]]>
    </error>
  </testcase> <!-- runScenario -->
</testsuite> <!-- RunnerScripts.RunnerClass -->
